<?xml version="1.0" encoding="UTF-8"?>
<!-- Generated by org.testng.reporters.JUnitReportReporter -->
<testsuite hostname="LAPTOP-N2EI4SRN" failures="0" tests="1" name="TestNGlearning.MavenProject.OrangeHrm" time="24.872" errors="0" timestamp="2022-09-08T19:41:43 IST" skipped="0">
  <testcase classname="TestNGlearning.MavenProject.OrangeHrm" name="homepage" time="24.872"/>
  <system-out/>
</testsuite> <!-- TestNGlearning.MavenProject.OrangeHrm -->
