<?xml version="1.0" encoding="UTF-8"?>
<!-- Generated by org.testng.reporters.JUnitReportReporter -->
<testsuite hostname="LAPTOP-N2EI4SRN" failures="0" tests="3" name="TestNGlearning.MavenProject.TestNGClassB" time="0.015" errors="0" timestamp="2022-09-09T17:24:13 IST" skipped="0">
  <testcase classname="TestNGlearning.MavenProject.TestNGClassB" name="testA" time="0.008"/>
  <system-out/>
  <testcase classname="TestNGlearning.MavenProject.TestNGClassB" name="testB" time="0.003"/>
  <system-out/>
  <testcase classname="TestNGlearning.MavenProject.TestNGClassB" name="testC" time="0.004"/>
  <system-out/>
</testsuite> <!-- TestNGlearning.MavenProject.TestNGClassB -->
