<?xml version="1.0" encoding="UTF-8"?>
<!-- Generated by org.testng.reporters.JUnitReportReporter -->
<testsuite hostname="LAPTOP-N2EI4SRN" failures="0" tests="5" name="TestNGlearning.MavenProject.TestNGkeywords" time="0.031" errors="0" timestamp="2022-09-05T17:10:43 IST" skipped="1">
  <testcase classname="TestNGlearning.MavenProject.TestNGkeywords" name="testC" time="0.012"/>
  <system-out/>
  <testcase classname="TestNGlearning.MavenProject.TestNGkeywords" name="testC" time="0.011"/>
  <system-out/>
  <testcase classname="TestNGlearning.MavenProject.TestNGkeywords" name="testA" time="0.003"/>
  <system-out/>
  <testcase classname="TestNGlearning.MavenProject.TestNGkeywords" name="testB" time="0.005"/>
  <system-out/>
  <testcase classname="TestNGlearning.MavenProject.TestNGkeywords" name="testD">
    <skipped/>
  </testcase> <!-- testD -->
  <system-out/>
</testsuite> <!-- TestNGlearning.MavenProject.TestNGkeywords -->
