<?xml version="1.0" encoding="UTF-8"?>
<!-- Generated by org.testng.reporters.JUnitReportReporter -->
<testsuite hostname="LAPTOP-N2EI4SRN" failures="0" tests="2" name="TestNGlearning.MavenProject.TestNGAnnotation" time="0.009" errors="0" timestamp="2022-08-27T18:56:02 IST" skipped="0">
  <testcase classname="TestNGlearning.MavenProject.TestNGAnnotation" name="TestCase2" time="0.005"/>
  <system-out/>
  <testcase classname="TestNGlearning.MavenProject.TestNGAnnotation" name="TestCase1" time="0.004"/>
  <system-out/>
</testsuite> <!-- TestNGlearning.MavenProject.TestNGAnnotation -->
