<?xml version="1.0" encoding="UTF-8"?>
<!-- Generated by org.testng.reporters.JUnitReportReporter -->
<testsuite hostname="LAPTOP-N2EI4SRN" failures="0" tests="1" name="TestNGlearning.MavenProject.TestNGClassA" time="0.009" errors="0" timestamp="2022-09-13T11:45:58 IST" skipped="0">
  <testcase classname="TestNGlearning.MavenProject.TestNGClassA" name="testB" time="0.009"/>
  <system-out/>
</testsuite> <!-- TestNGlearning.MavenProject.TestNGClassA -->
