<?xml version="1.0" encoding="UTF-8"?>
<!-- Generated by org.testng.reporters.JUnitReportReporter -->
<testsuite hostname="LAPTOP-N2EI4SRN" failures="0" tests="2" name="TestNGlearning.MavenProject.TestNGAnnotation" time="0.002" errors="0" timestamp="2022-09-06T14:58:25 IST" skipped="0">
  <testcase classname="TestNGlearning.MavenProject.TestNGAnnotation" name="TestCase1" time="0.000"/>
  <system-out/>
  <testcase classname="TestNGlearning.MavenProject.TestNGAnnotation" name="TestCase2" time="0.002"/>
  <system-out/>
</testsuite> <!-- TestNGlearning.MavenProject.TestNGAnnotation -->
