<?xml version="1.0" encoding="UTF-8"?>
<!-- Generated by org.testng.reporters.JUnitReportReporter -->
<testsuite hostname="LAPTOP-N2EI4SRN" failures="0" tests="4" name="TestNGlearning.MavenProject.TestNgPractice" time="0.003" errors="0" timestamp="2022-09-06T14:58:25 IST" skipped="0">
  <testcase classname="TestNGlearning.MavenProject.TestNgPractice" name="TestCase2" time="0.001"/>
  <system-out/>
  <testcase classname="TestNGlearning.MavenProject.TestNgPractice" name="TestCase4" time="0.001"/>
  <system-out/>
  <testcase classname="TestNGlearning.MavenProject.TestNgPractice" name="TestCase3" time="0.000"/>
  <system-out/>
  <testcase classname="TestNGlearning.MavenProject.TestNgPractice" name="TestCase1" time="0.001"/>
  <system-out/>
</testsuite> <!-- TestNGlearning.MavenProject.TestNgPractice -->
