<?xml version="1.0" encoding="UTF-8"?>
<!-- Generated by org.testng.reporters.JUnitReportReporter -->
<testsuite hostname="LAPTOP-N2EI4SRN" failures="0" tests="3" name="TestNGlearning.MavenProject.TestNGClassA" time="0.001" errors="0" timestamp="2022-09-06T14:58:25 IST" skipped="0">
  <testcase classname="TestNGlearning.MavenProject.TestNGClassA" name="testB" time="0.000"/>
  <system-out/>
  <testcase classname="TestNGlearning.MavenProject.TestNGClassA" name="testA" time="0.001"/>
  <system-out/>
  <testcase classname="TestNGlearning.MavenProject.TestNGClassA" name="testC" time="0.000"/>
  <system-out/>
</testsuite> <!-- TestNGlearning.MavenProject.TestNGClassA -->
