<?xml version="1.0" encoding="UTF-8"?>
<!-- Generated by org.testng.reporters.JUnitReportReporter -->
<testsuite hostname="LAPTOP-N2EI4SRN" failures="0" tests="8" name="TestNGlearning.MavenProject.TestngKeywordDemo" time="0.009" errors="0" timestamp="2022-09-06T14:58:25 IST" skipped="1">
  <testcase classname="TestNGlearning.MavenProject.TestngKeywordDemo" name="TestCase4" time="0.000"/>
  <system-out/>
  <testcase classname="TestNGlearning.MavenProject.TestngKeywordDemo" name="TestCase5" time="0.000"/>
  <system-out/>
  <testcase classname="TestNGlearning.MavenProject.TestngKeywordDemo" name="TestCase5" time="0.000"/>
  <system-out/>
  <testcase classname="TestNGlearning.MavenProject.TestngKeywordDemo" name="TestCase5" time="0.009"/>
  <system-out/>
  <testcase classname="TestNGlearning.MavenProject.TestngKeywordDemo" name="TestCase5" time="0.000"/>
  <system-out/>
  <testcase classname="TestNGlearning.MavenProject.TestngKeywordDemo" name="TestCase2" time="0.000"/>
  <system-out/>
  <testcase classname="TestNGlearning.MavenProject.TestngKeywordDemo" name="TestCase1" time="0.000"/>
  <system-out/>
  <testcase classname="TestNGlearning.MavenProject.TestngKeywordDemo" name="TestCase3">
    <skipped/>
  </testcase> <!-- TestCase3 -->
  <system-out/>
</testsuite> <!-- TestNGlearning.MavenProject.TestngKeywordDemo -->
